-------------------------------------------------------------------------------
Test set: ded_card.ded_card.DedCardApplicationTests
-------------------------------------------------------------------------------
Tests run: 1, Failures: 0, Errors: 1, Skipped: 0, Time elapsed: 3.83 s <<< FAILURE! - in ded_card.ded_card.DedCardApplicationTests
contextLoads  Time elapsed: 0.003 s  <<< ERROR!
java.lang.IllegalStateException: Failed to load ApplicationContext for [WebMergedContextConfiguration@9df564f testClass = ded_card.ded_card.DedCardApplicationTests, locations = [], classes = [ded_card.DedCardApplication], contextInitializerClasses = [], activeProfiles = [], propertySourceLocations = [], propertySourceProperties = ["org.springframework.boot.test.context.SpringBootTestContextBootstrapper=true"], contextCustomizers = [org.springframework.boot.test.context.filter.ExcludeFilterContextCustomizer@771a660, org.springframework.boot.test.json.DuplicateJsonObjectContextCustomizerFactory$DuplicateJsonObjectContextCustomizer@942a29c, org.springframework.boot.test.mock.mockito.MockitoContextCustomizer@0, org.springframework.boot.test.web.client.TestRestTemplateContextCustomizer@4d154ccd, org.springframework.boot.test.autoconfigure.actuate.observability.ObservabilityContextCustomizerFactory$DisableObservabilityContextCustomizer@9da1, org.springframework.boot.test.autoconfigure.properties.PropertyMappingContextCustomizer@0, org.springframework.boot.test.autoconfigure.web.servlet.WebDriverContextCustomizerFactory$Customizer@54c5a2ff, org.springframework.boot.test.context.SpringBootTestAnnotation@7f8c3e4], resourceBasePath = "src/main/webapp", contextLoader = org.springframework.boot.test.context.SpringBootContextLoader, parent = null]
Caused by: org.springframework.beans.factory.BeanCreationException: Error creating bean with name 'liquibase' defined in class path resource [org/springframework/boot/autoconfigure/liquibase/LiquibaseAutoConfiguration$LiquibaseConfiguration.class]: liquibase.exception.SetupException: Could determine path for file:/c:/Users/user/Documents/GitHub/ded_card/target/classes/database/1%20-%20table.sql
Caused by: liquibase.exception.ChangeLogParseException: liquibase.exception.SetupException: Could determine path for file:/c:/Users/user/Documents/GitHub/ded_card/target/classes/database/1%20-%20table.sql
Caused by: liquibase.exception.SetupException: Could determine path for file:/c:/Users/user/Documents/GitHub/ded_card/target/classes/database/1%20-%20table.sql
Caused by: liquibase.exception.UnexpectedLiquibaseException: Could determine path for file:/c:/Users/user/Documents/GitHub/ded_card/target/classes/database/1%20-%20table.sql

